# JRE version: Java(TM) SE Runtime Environment (7.0_75-b13) (build 1.7.0_75-b13)
# Java VM: Java HotSpot(TM) 64-Bit Server VM (24.75-b04 mixed mode windows-amd64 compressed oops)
Heap
 PSYoungGen      total 71168K, used 34750K [0x00000000faa80000, 0x0000000100000000, 0x0000000100000000)
  eden space 57344K, 43% used [0x00000000faa80000,0x00000000fc317d40,0x00000000fe280000)
  from space 13824K, 69% used [0x00000000fe280000,0x00000000febd7e38,0x00000000ff000000)
  to   space 14336K, 0% used [0x00000000ff200000,0x00000000ff200000,0x0000000100000000)
 ParOldGen       total 169472K, used 117441K [0x00000000f0000000, 0x00000000fa580000, 0x00000000faa80000)
  object space 169472K, 69% used [0x00000000f0000000,0x00000000f72b0410,0x00000000fa580000)
 PSPermGen       total 169984K, used 135711K [0x00000000e0000000, 0x00000000ea600000, 0x00000000f0000000)
  object space 169984K, 79% used [0x00000000e0000000,0x00000000e8487c70,0x00000000ea600000)
GC Heap History (10 events):
Event: 11043.346 GC heap before
{Heap before GC invocations=105 (full 8):
 PSYoungGen      total 69120K, used 61141K [0x00000000faa80000, 0x0000000100000000, 0x0000000100000000)
  eden space 52736K, 100% used [0x00000000faa80000,0x00000000fde00000,0x00000000fde00000)
  from space 16384K, 51% used [0x00000000fee00000,0x00000000ff635518,0x00000000ffe00000)
  to   space 16384K, 0% used [0x00000000fde00000,0x00000000fde00000,0x00000000fee00000)
 ParOldGen       total 169472K, used 97687K [0x00000000f0000000, 0x00000000fa580000, 0x00000000faa80000)
  object space 169472K, 57% used [0x00000000f0000000,0x00000000f5f65d28,0x00000000fa580000)
 PSPermGen       total 169984K, used 133462K [0x00000000e0000000, 0x00000000ea600000, 0x00000000f0000000)
  object space 169984K, 78% used [0x00000000e0000000,0x00000000e8255a88,0x00000000ea600000)
Event: 11043.354 GC heap after
Heap after GC invocations=105 (full 8):
 PSYoungGen      total 69120K, used 5216K [0x00000000faa80000, 0x00000000ffe00000, 0x0000000100000000)
  eden space 52736K, 0% used [0x00000000faa80000,0x00000000faa80000,0x00000000fde00000)
  from space 16384K, 31% used [0x00000000fde00000,0x00000000fe318000,0x00000000fee00000)
  to   space 15360K, 0% used [0x00000000fef00000,0x00000000fef00000,0x00000000ffe00000)
 ParOldGen       total 169472K, used 102503K [0x00000000f0000000, 0x00000000fa580000, 0x00000000faa80000)
  object space 169472K, 60% used [0x00000000f0000000,0x00000000f6419fc8,0x00000000fa580000)
 PSPermGen       total 169984K, used 133462K [0x00000000e0000000, 0x00000000ea600000, 0x00000000f0000000)
  object space 169984K, 78% used [0x00000000e0000000,0x00000000e8255a88,0x00000000ea600000)
}
Event: 11043.671 GC heap before
{Heap before GC invocations=106 (full 8):
 PSYoungGen      total 69120K, used 57952K [0x00000000faa80000, 0x00000000ffe00000, 0x0000000100000000)
  eden space 52736K, 100% used [0x00000000faa80000,0x00000000fde00000,0x00000000fde00000)
  from space 16384K, 31% used [0x00000000fde00000,0x00000000fe318000,0x00000000fee00000)
  to   space 15360K, 0% used [0x00000000fef00000,0x00000000fef00000,0x00000000ffe00000)
 ParOldGen       total 169472K, used 102503K [0x00000000f0000000, 0x00000000fa580000, 0x00000000faa80000)
  object space 169472K, 60% used [0x00000000f0000000,0x00000000f6419fc8,0x00000000fa580000)
 PSPermGen       total 169984K, used 134488K [0x00000000e0000000, 0x00000000ea600000, 0x00000000f0000000)
  object space 169984K, 79% used [0x00000000e0000000,0x00000000e8356210,0x00000000ea600000)
Event: 11043.681 GC heap after
Heap after GC invocations=106 (full 8):
 PSYoungGen      total 70656K, used 6250K [0x00000000faa80000, 0x00000000ffe00000, 0x0000000100000000)
  eden space 55296K, 0% used [0x00000000faa80000,0x00000000faa80000,0x00000000fe080000)
  from space 15360K, 40% used [0x00000000fef00000,0x00000000ff51a800,0x00000000ffe00000)
  to   space 14848K, 0% used [0x00000000fe080000,0x00000000fe080000,0x00000000fef00000)
 ParOldGen       total 169472K, used 106920K [0x00000000f0000000, 0x00000000fa580000, 0x00000000faa80000)
  object space 169472K, 63% used [0x00000000f0000000,0x00000000f686a008,0x00000000fa580000)
 PSPermGen       total 169984K, used 134488K [0x00000000e0000000, 0x00000000ea600000, 0x00000000f0000000)
  object space 169984K, 79% used [0x00000000e0000000,0x00000000e8356210,0x00000000ea600000)
}
Event: 11050.169 GC heap before
{Heap before GC invocations=107 (full 8):
 PSYoungGen      total 70656K, used 61546K [0x00000000faa80000, 0x00000000ffe00000, 0x0000000100000000)
  eden space 55296K, 100% used [0x00000000faa80000,0x00000000fe080000,0x00000000fe080000)
  from space 15360K, 40% used [0x00000000fef00000,0x00000000ff51a800,0x00000000ffe00000)
  to   space 14848K, 0% used [0x00000000fe080000,0x00000000fe080000,0x00000000fef00000)
 ParOldGen       total 169472K, used 106920K [0x00000000f0000000, 0x00000000fa580000, 0x00000000faa80000)
  object space 169472K, 63% used [0x00000000f0000000,0x00000000f686a008,0x00000000fa580000)
 PSPermGen       total 169984K, used 134788K [0x00000000e0000000, 0x00000000ea600000, 0x00000000f0000000)
  object space 169984K, 79% used [0x00000000e0000000,0x00000000e83a11f0,0x00000000ea600000)
Event: 11050.180 GC heap after
Heap after GC invocations=107 (full 8):
 PSYoungGen      total 70144K, used 4672K [0x00000000faa80000, 0x00000000ffd80000, 0x0000000100000000)
  eden space 55296K, 0% used [0x00000000faa80000,0x00000000faa80000,0x00000000fe080000)
  from space 14848K, 31% used [0x00000000fe080000,0x00000000fe510000,0x00000000fef00000)
  to   space 13824K, 0% used [0x00000000ff000000,0x00000000ff000000,0x00000000ffd80000)
 ParOldGen       total 169472K, used 112509K [0x00000000f0000000, 0x00000000fa580000, 0x00000000faa80000)
  object space 169472K, 66% used [0x00000000f0000000,0x00000000f6ddf620,0x00000000fa580000)
 PSPermGen       total 169984K, used 134788K [0x00000000e0000000, 0x00000000ea600000, 0x00000000f0000000)
  object space 169984K, 79% used [0x00000000e0000000,0x00000000e83a11f0,0x00000000ea600000)
}
Event: 11051.054 GC heap before
{Heap before GC invocations=108 (full 8):
 PSYoungGen      total 70144K, used 59968K [0x00000000faa80000, 0x00000000ffd80000, 0x0000000100000000)
  eden space 55296K, 100% used [0x00000000faa80000,0x00000000fe080000,0x00000000fe080000)
  from space 14848K, 31% used [0x00000000fe080000,0x00000000fe510000,0x00000000fef00000)
  to   space 13824K, 0% used [0x00000000ff000000,0x00000000ff000000,0x00000000ffd80000)
 ParOldGen       total 169472K, used 112509K [0x00000000f0000000, 0x00000000fa580000, 0x00000000faa80000)
  object space 169472K, 66% used [0x00000000f0000000,0x00000000f6ddf620,0x00000000fa580000)
 PSPermGen       total 169984K, used 134930K [0x00000000e0000000, 0x00000000ea600000, 0x00000000f0000000)
  object space 169984K, 79% used [0x00000000e0000000,0x00000000e83c48b8,0x00000000ea600000)
Event: 11051.062 GC heap after
Heap after GC invocations=108 (full 8):
 PSYoungGen      total 71168K, used 2289K [0x00000000faa80000, 0x00000000fff00000, 0x0000000100000000)
  eden space 57344K, 0% used [0x00000000faa80000,0x00000000faa80000,0x00000000fe280000)
  from space 13824K, 16% used [0x00000000ff000000,0x00000000ff23c460,0x00000000ffd80000)
  to   space 13824K, 0% used [0x00000000fe280000,0x00000000fe280000,0x00000000ff000000)
 ParOldGen       total 169472K, used 116117K [0x00000000f0000000, 0x00000000fa580000, 0x00000000faa80000)
  object space 169472K, 68% used [0x00000000f0000000,0x00000000f7165400,0x00000000fa580000)
 PSPermGen       total 169984K, used 134930K [0x00000000e0000000, 0x00000000ea600000, 0x00000000f0000000)
  object space 169984K, 79% used [0x00000000e0000000,0x00000000e83c48b8,0x00000000ea600000)
}
Event: 11051.394 GC heap before
{Heap before GC invocations=109 (full 8):
 PSYoungGen      total 71168K, used 59633K [0x00000000faa80000, 0x00000000fff00000, 0x0000000100000000)
  eden space 57344K, 100% used [0x00000000faa80000,0x00000000fe280000,0x00000000fe280000)
  from space 13824K, 16% used [0x00000000ff000000,0x00000000ff23c460,0x00000000ffd80000)
  to   space 13824K, 0% used [0x00000000fe280000,0x00000000fe280000,0x00000000ff000000)
 ParOldGen       total 169472K, used 116117K [0x00000000f0000000, 0x00000000fa580000, 0x00000000faa80000)
  object space 169472K, 68% used [0x00000000f0000000,0x00000000f7165400,0x00000000fa580000)
 PSPermGen       total 169984K, used 135609K [0x00000000e0000000, 0x00000000ea600000, 0x00000000f0000000)
  object space 169984K, 79% used [0x00000000e0000000,0x00000000e846e628,0x00000000ea600000)
Event: 11051.403 GC heap after
Heap after GC invocations=109 (full 8):
 PSYoungGen      total 71168K, used 9567K [0x00000000faa80000, 0x0000000100000000, 0x0000000100000000)
  eden space 57344K, 0% used [0x00000000faa80000,0x00000000faa80000,0x00000000fe280000)
  from space 13824K, 69% used [0x00000000fe280000,0x00000000febd7e38,0x00000000ff000000)
  to   space 14336K, 0% used [0x00000000ff200000,0x00000000ff200000,0x0000000100000000)
 ParOldGen       total 169472K, used 117441K [0x00000000f0000000, 0x00000000fa580000, 0x00000000faa80000)
  object space 169472K, 69% used [0x00000000f0000000,0x00000000f72b0410,0x00000000fa580000)
 PSPermGen       total 169984K, used 135609K [0x00000000e0000000, 0x00000000ea600000, 0x00000000f0000000)
  object space 169984K, 79% used [0x00000000e0000000,0x00000000e846e628,0x00000000ea600000)
}

